<?xml version="1.0" encoding="UTF-8"?>
<!-- Generated by org.testng.reporters.JUnitReportReporter -->
<testsuite hostname="DESKTOP-R44QD4T" failures="0" tests="2" name="cucumberOptions.TestRunner" time="42.193" errors="1" timestamp="2020-02-09T02:10:49 ART" skipped="0">
  <testcase classname="cucumberOptions.TestRunner" name="runScenario" time="16.811">
    <error message="session not created
from chrome not reachable
  (Session info: chrome=79.0.3945.130)
Build info: version: &#039;3.141.59&#039;, revision: &#039;e82be7d358&#039;, time: &#039;2018-11-14T08:17:03&#039;
System info: host: &#039;DESKTOP-R44QD4T&#039;, ip: &#039;192.168.1.13&#039;, os.name: &#039;Windows 10&#039;, os.arch: &#039;amd64&#039;, os.version: &#039;10.0&#039;, java.version: &#039;13.0.1&#039;
Driver info: driver.version: ChromeDriver
remote stacktrace: Backtrace:
	Ordinal0 [0x0068A113+1548563]
	Ordinal0 [0x0060DDA1+1039777]
	Ordinal0 [0x0058E32E+516910]
	Ordinal0 [0x00588012+491538]
	Ordinal0 [0x005886EB+493291]
	Ordinal0 [0x00589855+497749]
	Ordinal0 [0x00585885+481413]
	Ordinal0 [0x0058F0D0+520400]
	Ordinal0 [0x0053C030+180272]
	Ordinal0 [0x0053B59D+177565]
	Ordinal0 [0x005395FB+169467]
	Ordinal0 [0x0052160A+71178]
	Ordinal0 [0x00522690+75408]
	Ordinal0 [0x00522629+75305]
	Ordinal0 [0x006271B7+1143223]
	GetHandleVerifier [0x00722B46+507814]
	GetHandleVerifier [0x00722864+507076]
	GetHandleVerifier [0x00729F47+537511]
	GetHandleVerifier [0x00723402+510050]
	Ordinal0 [0x0061F29C+1110684]
	Ordinal0 [0x0062938B+1151883]
	Ordinal0 [0x006294F3+1152243]
	Ordinal0 [0x006283F5+1147893]
	BaseThreadInitThunk [0x765C6359+25]
	RtlGetAppContainerNamedObjectPath [0x76F37B74+228]
	RtlGetAppContainerNamedObjectPath [0x76F37B44+180]
" type="org.openqa.selenium.SessionNotCreatedException">
      <![CDATA[org.openqa.selenium.SessionNotCreatedException: session not created
from chrome not reachable
  (Session info: chrome=79.0.3945.130)
Build info: version: '3.141.59', revision: 'e82be7d358', time: '2018-11-14T08:17:03'
System info: host: 'DESKTOP-R44QD4T', ip: '192.168.1.13', os.name: 'Windows 10', os.arch: 'amd64', os.version: '10.0', java.version: '13.0.1'
Driver info: driver.version: ChromeDriver
remote stacktrace: Backtrace:
Ordinal0 [0x0068A113+1548563]
Ordinal0 [0x0060DDA1+1039777]
Ordinal0 [0x0058E32E+516910]
Ordinal0 [0x00588012+491538]
Ordinal0 [0x005886EB+493291]
Ordinal0 [0x00589855+497749]
Ordinal0 [0x00585885+481413]
Ordinal0 [0x0058F0D0+520400]
Ordinal0 [0x0053C030+180272]
Ordinal0 [0x0053B59D+177565]
Ordinal0 [0x005395FB+169467]
Ordinal0 [0x0052160A+71178]
Ordinal0 [0x00522690+75408]
Ordinal0 [0x00522629+75305]
Ordinal0 [0x006271B7+1143223]
GetHandleVerifier [0x00722B46+507814]
GetHandleVerifier [0x00722864+507076]
GetHandleVerifier [0x00729F47+537511]
GetHandleVerifier [0x00723402+510050]
Ordinal0 [0x0061F29C+1110684]
Ordinal0 [0x0062938B+1151883]
Ordinal0 [0x006294F3+1152243]
Ordinal0 [0x006283F5+1147893]
BaseThreadInitThunk [0x765C6359+25]
RtlGetAppContainerNamedObjectPath [0x76F37B74+228]
RtlGetAppContainerNamedObjectPath [0x76F37B44+180]

at java.base/jdk.internal.reflect.NativeConstructorAccessorImpl.newInstance0(Native Method)
at java.base/jdk.internal.reflect.NativeConstructorAccessorImpl.newInstance(NativeConstructorAccessorImpl.java:62)
at java.base/jdk.internal.reflect.DelegatingConstructorAccessorImpl.newInstance(DelegatingConstructorAccessorImpl.java:45)
at java.base/java.lang.reflect.Constructor.newInstanceWithCaller(Constructor.java:500)
at java.base/java.lang.reflect.Constructor.newInstance(Constructor.java:481)
at org.openqa.selenium.remote.W3CHandshakeResponse.lambda$errorHandler$0(W3CHandshakeResponse.java:62)
at org.openqa.selenium.remote.HandshakeResponse.lambda$getResponseFunction$0(HandshakeResponse.java:30)
at org.openqa.selenium.remote.ProtocolHandshake.lambda$createSession$0(ProtocolHandshake.java:126)
at java.base/java.util.stream.ReferencePipeline$3$1.accept(ReferencePipeline.java:195)
at java.base/java.util.Spliterators$ArraySpliterator.tryAdvance(Spliterators.java:958)
at java.base/java.util.stream.ReferencePipeline.forEachWithCancel(ReferencePipeline.java:127)
at java.base/java.util.stream.AbstractPipeline.copyIntoWithCancel(AbstractPipeline.java:502)
at java.base/java.util.stream.AbstractPipeline.copyInto(AbstractPipeline.java:488)
at java.base/java.util.stream.AbstractPipeline.wrapAndCopyInto(AbstractPipeline.java:474)
at java.base/java.util.stream.FindOps$FindOp.evaluateSequential(FindOps.java:150)
at java.base/java.util.stream.AbstractPipeline.evaluate(AbstractPipeline.java:234)
at java.base/java.util.stream.ReferencePipeline.findFirst(ReferencePipeline.java:543)
at org.openqa.selenium.remote.ProtocolHandshake.createSession(ProtocolHandshake.java:128)
at org.openqa.selenium.remote.ProtocolHandshake.createSession(ProtocolHandshake.java:74)
at org.openqa.selenium.remote.HttpCommandExecutor.execute(HttpCommandExecutor.java:136)
at org.openqa.selenium.remote.service.DriverCommandExecutor.execute(DriverCommandExecutor.java:83)
at org.openqa.selenium.remote.RemoteWebDriver.execute(RemoteWebDriver.java:552)
at org.openqa.selenium.remote.RemoteWebDriver.startSession(RemoteWebDriver.java:213)
at org.openqa.selenium.remote.RemoteWebDriver.<init>(RemoteWebDriver.java:131)
at org.openqa.selenium.chrome.ChromeDriver.<init>(ChromeDriver.java:181)
at org.openqa.selenium.chrome.ChromeDriver.<init>(ChromeDriver.java:168)
at org.openqa.selenium.chrome.ChromeDriver.<init>(ChromeDriver.java:123)
at resources.base.initializerDriver(base.java:31)
at stepDefinition.stepDefinition.inicialize_the_browser_with_chrome(stepDefinition.java:20)
at âœ½.Inicialize the browser with chrome(file:src/test/java/features/Login.feature:4)
]]>
    </error>
  </testcase> <!-- runScenario -->
  <testcase classname="cucumberOptions.TestRunner" name="runScenario" time="25.382"/>
</testsuite> <!-- cucumberOptions.TestRunner -->
